<?xml version="1.0" encoding="UTF-8"?>
<testsuite name="crypt.impl.AESCryptTest" tests="2" skipped="0" failures="0" errors="0" timestamp="2016-01-23T16:36:09" hostname="ChienKuChen-MacBookPro.local" time="0.189">
  <properties/>
  <testcase name="testNormalCase" classname="crypt.impl.AESCryptTest" time="0.185"/>
  <testcase name="testDecodeError" classname="crypt.impl.AESCryptTest" time="0.002"/>
  <system-out><![CDATA[]]></system-out>
  <system-err><![CDATA[]]></system-err>
</testsuite>
